<?xml version="1.0" encoding="UTF-8"?>
<testsuite xmlns:xsi="http://www.w3.org/2001/XMLSchema-instance" xsi:noNamespaceSchemaLocation="https://maven.apache.org/surefire/maven-surefire-plugin/xsd/surefire-test-report.xsd" name="com.supermarket.inventory.ManageInventoryTest" time="0.684" tests="4" errors="0" skipped="0" failures="0">
  <properties>
[...]
</properties>
  <testcase name="test_inventory_bread_quantity" classname="com.supermarket.inventory.ManageInventoryTest" time="0.668"/>
  <testcase name="test_inventory_soap_quantity" classname="com.supermarket.inventory.ManageInventoryTest" time="0.016"/>
  <testcase name="test_invalid_inventory" classname="com.supermarket.inventory.ManageInventoryTest" time="0"/>
  <testcase name="test_inventory_count" classname="com.supermarket.inventory.ManageInventoryTest" time="0"/>
</testsuite>